2012/12/19 21:09:11 [error] [exception.CException] exception 'CException' with message 'Alias "bootstrap.widgets.TbNavbar" is invalid. Make sure it points to an existing directory or file.' in /var/www/yii-1.1.12.b600af/framework/YiiBase.php:343
Stack trace:
#0 /var/www/yii-1.1.12.b600af/framework/web/CWidgetFactory.php(147): YiiBase::import('bootstrap.widge...', true)
#1 /var/www/yii-1.1.12.b600af/framework/web/CBaseController.php(147): CWidgetFactory->createWidget(Object(SiteController), 'bootstrap.widge...', Array)
#2 /var/www/yii-1.1.12.b600af/framework/web/CBaseController.php(173): CBaseController->createWidget('bootstrap.widge...', Array)
#3 /var/www/mobilechat/protected/views/layouts/main.php(20): CBaseController->widget('bootstrap.widge...', Array)
#4 /var/www/yii-1.1.12.b600af/framework/web/CBaseController.php(127): require('/var/www/mobile...')
#5 /var/www/yii-1.1.12.b600af/framework/web/CBaseController.php(96): CBaseController->renderInternal('/var/www/mobile...', Array, true)
#6 /var/www/yii-1.1.12.b600af/framework/web/widgets/CContentDecorator.php(77): CBaseController->renderFile('/var/www/mobile...', Array, true)
#7 /var/www/yii-1.1.12.b600af/framework/web/widgets/CContentDecorator.php(55): CContentDecorator->decorate('<div id="conten...')
#8 /var/www/yii-1.1.12.b600af/framework/web/widgets/COutputProcessor.php(45): CContentDecorator->processOutput('<div id="conten...')
#9 /var/www/yii-1.1.12.b600af/framework/web/CBaseController.php(207): COutputProcessor->run()
#10 /var/www/yii-1.1.12.b600af/framework/web/CBaseController.php(301): CBaseController->endWidget('CContentDecorat...')
#11 /var/www/mobilechat/protected/views/layouts/column1.php(6): CBaseController->endContent()
#12 /var/www/yii-1.1.12.b600af/framework/web/CBaseController.php(127): require('/var/www/mobile...')
#13 /var/www/yii-1.1.12.b600af/framework/web/CBaseController.php(96): CBaseController->renderInternal('/var/www/mobile...', Array, true)
#14 /var/www/yii-1.1.12.b600af/framework/web/CController.php(785): CBaseController->renderFile('/var/www/mobile...', Array, true)
#15 /var/www/mobilechat/protected/controllers/SiteController.php(32): CController->render('index')
#16 /var/www/yii-1.1.12.b600af/framework/web/actions/CInlineAction.php(50): SiteController->actionIndex()
#17 /var/www/yii-1.1.12.b600af/framework/web/CController.php(309): CInlineAction->runWithParams(Array)
#18 /var/www/yii-1.1.12.b600af/framework/web/CController.php(287): CController->runAction(Object(CInlineAction))
#19 /var/www/yii-1.1.12.b600af/framework/web/CController.php(266): CController->runActionWithFilters(Object(CInlineAction), Array)
#20 /var/www/yii-1.1.12.b600af/framework/web/CWebApplication.php(283): CController->run('')
#21 /var/www/yii-1.1.12.b600af/framework/web/CWebApplication.php(142): CWebApplication->runController('')
#22 /var/www/yii-1.1.12.b600af/framework/base/CApplication.php(162): CWebApplication->processRequest()
#23 /var/www/mobilechat/index.php(13): CApplication->run()
#24 {main}
REQUEST_URI=/mobilechat/
---
2012/12/19 21:09:16 [error] [exception.CException] exception 'CException' with message 'Alias "bootstrap.widgets.TbNavbar" is invalid. Make sure it points to an existing directory or file.' in /var/www/yii-1.1.12.b600af/framework/YiiBase.php:343
Stack trace:
#0 /var/www/yii-1.1.12.b600af/framework/web/CWidgetFactory.php(147): YiiBase::import('bootstrap.widge...', true)
#1 /var/www/yii-1.1.12.b600af/framework/web/CBaseController.php(147): CWidgetFactory->createWidget(Object(SiteController), 'bootstrap.widge...', Array)
#2 /var/www/yii-1.1.12.b600af/framework/web/CBaseController.php(173): CBaseController->createWidget('bootstrap.widge...', Array)
#3 /var/www/mobilechat/protected/views/layouts/main.php(20): CBaseController->widget('bootstrap.widge...', Array)
#4 /var/www/yii-1.1.12.b600af/framework/web/CBaseController.php(127): require('/var/www/mobile...')
#5 /var/www/yii-1.1.12.b600af/framework/web/CBaseController.php(96): CBaseController->renderInternal('/var/www/mobile...', Array, true)
#6 /var/www/yii-1.1.12.b600af/framework/web/widgets/CContentDecorator.php(77): CBaseController->renderFile('/var/www/mobile...', Array, true)
#7 /var/www/yii-1.1.12.b600af/framework/web/widgets/CContentDecorator.php(55): CContentDecorator->decorate('<div id="conten...')
#8 /var/www/yii-1.1.12.b600af/framework/web/widgets/COutputProcessor.php(45): CContentDecorator->processOutput('<div id="conten...')
#9 /var/www/yii-1.1.12.b600af/framework/web/CBaseController.php(207): COutputProcessor->run()
#10 /var/www/yii-1.1.12.b600af/framework/web/CBaseController.php(301): CBaseController->endWidget('CContentDecorat...')
#11 /var/www/mobilechat/protected/views/layouts/column1.php(6): CBaseController->endContent()
#12 /var/www/yii-1.1.12.b600af/framework/web/CBaseController.php(127): require('/var/www/mobile...')
#13 /var/www/yii-1.1.12.b600af/framework/web/CBaseController.php(96): CBaseController->renderInternal('/var/www/mobile...', Array, true)
#14 /var/www/yii-1.1.12.b600af/framework/web/CController.php(785): CBaseController->renderFile('/var/www/mobile...', Array, true)
#15 /var/www/mobilechat/protected/controllers/SiteController.php(32): CController->render('index')
#16 /var/www/yii-1.1.12.b600af/framework/web/actions/CInlineAction.php(50): SiteController->actionIndex()
#17 /var/www/yii-1.1.12.b600af/framework/web/CController.php(309): CInlineAction->runWithParams(Array)
#18 /var/www/yii-1.1.12.b600af/framework/web/CController.php(287): CController->runAction(Object(CInlineAction))
#19 /var/www/yii-1.1.12.b600af/framework/web/CController.php(266): CController->runActionWithFilters(Object(CInlineAction), Array)
#20 /var/www/yii-1.1.12.b600af/framework/web/CWebApplication.php(283): CController->run('')
#21 /var/www/yii-1.1.12.b600af/framework/web/CWebApplication.php(142): CWebApplication->runController('')
#22 /var/www/yii-1.1.12.b600af/framework/base/CApplication.php(162): CWebApplication->processRequest()
#23 /var/www/mobilechat/index.php(13): CApplication->run()
#24 {main}
REQUEST_URI=/mobilechat/
---
2012/12/19 22:09:30 [error] [exception.CException] exception 'CException' with message 'CWebApplication and its behaviors do not have a method or closure named "addParam".' in /var/www/yii-1.1.12.b600af/framework/base/CComponent.php:266
Stack trace:
#0 [internal function]: CComponent->__call('addParam', Array)
#1 /var/www/mobilechat/protected/views/layouts/main.php(77): CWebApplication->addParam('user', Array)
#2 /var/www/yii-1.1.12.b600af/framework/web/CBaseController.php(127): require('/var/www/mobile...')
#3 /var/www/yii-1.1.12.b600af/framework/web/CBaseController.php(96): CBaseController->renderInternal('/var/www/mobile...', Array, true)
#4 /var/www/yii-1.1.12.b600af/framework/web/widgets/CContentDecorator.php(77): CBaseController->renderFile('/var/www/mobile...', Array, true)
#5 /var/www/yii-1.1.12.b600af/framework/web/widgets/CContentDecorator.php(55): CContentDecorator->decorate('<div id="conten...')
#6 /var/www/yii-1.1.12.b600af/framework/web/widgets/COutputProcessor.php(45): CContentDecorator->processOutput('<div id="conten...')
#7 /var/www/yii-1.1.12.b600af/framework/web/CBaseController.php(207): COutputProcessor->run()
#8 /var/www/yii-1.1.12.b600af/framework/web/CBaseController.php(301): CBaseController->endWidget('CContentDecorat...')
#9 /var/www/mobilechat/protected/views/layouts/column1.php(6): CBaseController->endContent()
#10 /var/www/yii-1.1.12.b600af/framework/web/CBaseController.php(127): require('/var/www/mobile...')
#11 /var/www/yii-1.1.12.b600af/framework/web/CBaseController.php(96): CBaseController->renderInternal('/var/www/mobile...', Array, true)
#12 /var/www/yii-1.1.12.b600af/framework/web/CController.php(785): CBaseController->renderFile('/var/www/mobile...', Array, true)
#13 /var/www/mobilechat/protected/controllers/SiteController.php(32): CController->render('index')
#14 /var/www/yii-1.1.12.b600af/framework/web/actions/CInlineAction.php(50): SiteController->actionIndex()
#15 /var/www/yii-1.1.12.b600af/framework/web/CController.php(309): CInlineAction->runWithParams(Array)
#16 /var/www/yii-1.1.12.b600af/framework/web/CController.php(287): CController->runAction(Object(CInlineAction))
#17 /var/www/yii-1.1.12.b600af/framework/web/CController.php(266): CController->runActionWithFilters(Object(CInlineAction), Array)
#18 /var/www/yii-1.1.12.b600af/framework/web/CWebApplication.php(283): CController->run('')
#19 /var/www/yii-1.1.12.b600af/framework/web/CWebApplication.php(142): CWebApplication->runController('')
#20 /var/www/yii-1.1.12.b600af/framework/base/CApplication.php(162): CWebApplication->processRequest()
#21 /var/www/mobilechat/index.php(13): CApplication->run()
#22 {main}
REQUEST_URI=/mobilechat/
---
2012/12/19 22:09:34 [error] [exception.CException] exception 'CException' with message 'CWebApplication and its behaviors do not have a method or closure named "addParam".' in /var/www/yii-1.1.12.b600af/framework/base/CComponent.php:266
Stack trace:
#0 [internal function]: CComponent->__call('addParam', Array)
#1 /var/www/mobilechat/protected/views/layouts/main.php(77): CWebApplication->addParam('user', Array)
#2 /var/www/yii-1.1.12.b600af/framework/web/CBaseController.php(127): require('/var/www/mobile...')
#3 /var/www/yii-1.1.12.b600af/framework/web/CBaseController.php(96): CBaseController->renderInternal('/var/www/mobile...', Array, true)
#4 /var/www/yii-1.1.12.b600af/framework/web/widgets/CContentDecorator.php(77): CBaseController->renderFile('/var/www/mobile...', Array, true)
#5 /var/www/yii-1.1.12.b600af/framework/web/widgets/CContentDecorator.php(55): CContentDecorator->decorate('<div id="conten...')
#6 /var/www/yii-1.1.12.b600af/framework/web/widgets/COutputProcessor.php(45): CContentDecorator->processOutput('<div id="conten...')
#7 /var/www/yii-1.1.12.b600af/framework/web/CBaseController.php(207): COutputProcessor->run()
#8 /var/www/yii-1.1.12.b600af/framework/web/CBaseController.php(301): CBaseController->endWidget('CContentDecorat...')
#9 /var/www/mobilechat/protected/views/layouts/column1.php(6): CBaseController->endContent()
#10 /var/www/yii-1.1.12.b600af/framework/web/CBaseController.php(127): require('/var/www/mobile...')
#11 /var/www/yii-1.1.12.b600af/framework/web/CBaseController.php(96): CBaseController->renderInternal('/var/www/mobile...', Array, true)
#12 /var/www/yii-1.1.12.b600af/framework/web/CController.php(785): CBaseController->renderFile('/var/www/mobile...', Array, true)
#13 /var/www/mobilechat/protected/controllers/SiteController.php(32): CController->render('index')
#14 /var/www/yii-1.1.12.b600af/framework/web/actions/CInlineAction.php(50): SiteController->actionIndex()
#15 /var/www/yii-1.1.12.b600af/framework/web/CController.php(309): CInlineAction->runWithParams(Array)
#16 /var/www/yii-1.1.12.b600af/framework/web/CController.php(287): CController->runAction(Object(CInlineAction))
#17 /var/www/yii-1.1.12.b600af/framework/web/CController.php(266): CController->runActionWithFilters(Object(CInlineAction), Array)
#18 /var/www/yii-1.1.12.b600af/framework/web/CWebApplication.php(283): CController->run('')
#19 /var/www/yii-1.1.12.b600af/framework/web/CWebApplication.php(142): CWebApplication->runController('')
#20 /var/www/yii-1.1.12.b600af/framework/base/CApplication.php(162): CWebApplication->processRequest()
#21 /var/www/mobilechat/index.php(13): CApplication->run()
#22 {main}
REQUEST_URI=/mobilechat/
---
